<?xml version="1.0" encoding="UTF-8" ?>
<testsuite tests="12" failures="3" name="TestSuite" time="41.314" errors="0" skipped="0">
  <properties>
[...]
</properties>
  <testcase classname="com.Test.BookingPageTest" name="Check_PlaceHolder_DepartureCity" time="0.673"/>
  <testcase classname="com.Test.BookingPageTest" name="Check_PlaceHolder_ArrivalCity" time="0.824"/>
  <testcase classname="com.Test.BookingPageTest" name="Check_OneWay_Label" time="0.302"/>
  <testcase classname="com.Test.BookingPageTest" name="Check_RoundTrip_Label" time="0.304"/>
  <testcase classname="com.Test.BookingPageTest" name="Check_Multicity_Label" time="0.319"/>
  <testcase classname="com.Test.BookingPageTest" name="Check_FamilyAndFriendsDiscount_Label" time="0.141"/>
  <testcase classname="com.Test.BookingPageTest" name="Check_Defense_Label" time="0.188"/>
  <testcase classname="com.Test.BookingPageTest" name="Check_Destination_Selection" time="1.271"/>
  <testcase classname="com.Test.BookingPageTest" name="Check_Arrival_Selection" time="0.554"/>
  <testcase classname="com.Test.BookingPageTest" name="Check_Departure_Date_Selection" time="3.142">
    <failure message="class jdk.proxy2.$Proxy11 cannot be cast to class org.openqa.selenium.WebElement (jdk.proxy2.$Proxy11 is in module jdk.proxy2 of loader &apos;app&apos;; org.openqa.selenium.WebElement is in unnamed module of loader &apos;app&apos;)" type="java.lang.ClassCastException">java.lang.ClassCastException: class jdk.proxy2.$Proxy11 cannot be cast to class org.openqa.selenium.WebElement (jdk.proxy2.$Proxy11 is in module jdk.proxy2 of loader &apos;app&apos;; org.openqa.selenium.WebElement is in unnamed module of loader &apos;app&apos;)
	at com.pages.BookingPage.dateinner(BookingPage.java:127)
	at com.Test.BookingPageTest.Check_Departure_Date_Selection(BookingPageTest.java:136)
</failure>
    <system-out>*** Running test method Check_Departure_Date_Selection...
*** Test execution Check_Departure_Date_Selection failed...
</system-out>
  </testcase>
  <testcase classname="com.Test.BookingPageTest" name="Check_Submit_Button_Clickble" time="16.303">
    <failure message="Cannot invoke &quot;Object.getClass()&quot; because &quot;obj&quot; is null" type="java.lang.NullPointerException">java.lang.NullPointerException: Cannot invoke &quot;Object.getClass()&quot; because &quot;obj&quot; is null
	at java.base/java.lang.reflect.Method.invoke(Method.java:560)
	at org.openqa.selenium.support.pagefactory.internal.LocatingElementHandler.invoke(LocatingElementHandler.java:51)
	at jdk.proxy2/jdk.proxy2.$Proxy10.isEnabled(Unknown Source)
	at com.Test.BookingPageTest.Check_Submit_Button_Clickble(BookingPageTest.java:145)
</failure>
    <system-out>*** Running test method Check_Submit_Button_Clickble...
</system-out>
    <system-err>org.openqa.selenium.NoSuchWindowException: no such window: target window already closed
from unknown error: web view not found
  (Session info: chrome=94.0.4606.81)
Build info: version: &apos;3.14.0&apos;, revision: &apos;aacccce0&apos;, time: &apos;2018-08-02T20:19:58.91Z&apos;
System info: host: &apos;MYPC-PC&apos;, ip: &apos;192.168.43.100&apos;, os.name: &apos;Windows 7&apos;, os.arch: &apos;amd64&apos;, os.version: &apos;6.1&apos;, java.version: &apos;16.0.1&apos;
Driver info: org.openqa.selenium.chrome.ChromeDriver
Capabilities {acceptInsecureCerts: false, browserName: chrome, browserVersion: 94.0.4606.81, chrome: {chromedriverVersion: 93.0.4577.63 (ff5c0da2ec0ad..., userDataDir: C:\Users\MyPC\AppData\Local...}, goog:chromeOptions: {debuggerAddress: localhost:61932}, javascriptEnabled: true, networkConnectionEnabled: false, pageLoadStrategy: normal, platform: WINDOWS, platformName: WINDOWS, proxy: Proxy(), setWindowRect: true, strictFileInteractability: false, timeouts: {implicit: 0, pageLoad: 300000, script: 30000}, unhandledPromptBehavior: dismiss and notify, webauthn:extension:credBlob: true, webauthn:extension:largeBlob: true, webauthn:virtualAuthenticators: true}
Session ID: 89a1c2a099ebe404dc99bd22720c3518
	at java.base/jdk.internal.reflect.NativeConstructorAccessorImpl.newInstance0(Native Method)
	at java.base/jdk.internal.reflect.NativeConstructorAccessorImpl.newInstance(NativeConstructorAccessorImpl.java:78)
	at java.base/jdk.internal.reflect.DelegatingConstructorAccessorImpl.newInstance(DelegatingConstructorAccessorImpl.java:45)
	at java.base/java.lang.reflect.Constructor.newInstanceWithCaller(Constructor.java:499)
	at java.base/java.lang.reflect.Constructor.newInstance(Constructor.java:480)
	at org.openqa.selenium.remote.http.W3CHttpResponseCodec.createException(W3CHttpResponseCodec.java:187)
	at org.openqa.selenium.remote.http.W3CHttpResponseCodec.decode(W3CHttpResponseCodec.java:122)
	at org.openqa.selenium.remote.http.W3CHttpResponseCodec.decode(W3CHttpResponseCodec.java:49)
	at org.openqa.selenium.remote.HttpCommandExecutor.execute(HttpCommandExecutor.java:158)
	at org.openqa.selenium.remote.service.DriverCommandExecutor.execute(DriverCommandExecutor.java:83)
	at org.openqa.selenium.remote.RemoteWebDriver.execute(RemoteWebDriver.java:548)
	at org.openqa.selenium.remote.RemoteWebDriver.execute(RemoteWebDriver.java:605)
	at org.openqa.selenium.remote.RemoteWebDriver.getScreenshotAs(RemoteWebDriver.java:294)
	at com.TestBase.TestBase.capture(TestBase.java:54)
	at Testutil.Listner.onTestFailure(Listner.java:29)
	at org.testng.internal.Invoker.runTestListeners(Invoker.java:1731)
	at org.testng.internal.Invoker.runTestListeners(Invoker.java:1714)
	at org.testng.internal.Invoker.invokeMethod(Invoker.java:714)
	at org.testng.internal.Invoker.invokeTestMethod(Invoker.java:869)
	at org.testng.internal.Invoker.invokeTestMethods(Invoker.java:1193)
	at org.testng.internal.TestMethodWorker.invokeTestMethods(TestMethodWorker.java:126)
	at org.testng.internal.TestMethodWorker.run(TestMethodWorker.java:109)
	at org.testng.TestRunner.privateRun(TestRunner.java:744)
	at org.testng.TestRunner.run(TestRunner.java:602)
	at org.testng.SuiteRunner.runTest(SuiteRunner.java:380)
	at org.testng.SuiteRunner.access$000(SuiteRunner.java:39)
	at org.testng.SuiteRunner$SuiteWorker.run(SuiteRunner.java:414)
	at org.testng.internal.thread.ThreadUtil$1.call(ThreadUtil.java:52)
	at java.base/java.util.concurrent.FutureTask.run(FutureTask.java:264)
	at java.base/java.util.concurrent.ThreadPoolExecutor.runWorker(ThreadPoolExecutor.java:1130)
	at java.base/java.util.concurrent.ThreadPoolExecutor$Worker.run(ThreadPoolExecutor.java:630)
	at java.base/java.lang.Thread.run(Thread.java:831)
</system-err>
  </testcase>
  <testcase classname="com.Test.BookingPageTest" name="afterSuite" time="17.293">
    <failure message="Session ID is null. Using WebDriver after calling quit()?
Build info: version: &apos;3.14.0&apos;, revision: &apos;aacccce0&apos;, time: &apos;2018-08-02T20:19:58.91Z&apos;
System info: host: &apos;MYPC-PC&apos;, ip: &apos;192.168.43.100&apos;, os.name: &apos;Windows 7&apos;, os.arch: &apos;amd64&apos;, os.version: &apos;6.1&apos;, java.version: &apos;16.0.1&apos;
Driver info: driver.version: RemoteWebDriver" type="org.openqa.selenium.NoSuchSessionException">org.openqa.selenium.NoSuchSessionException: Session ID is null. Using WebDriver after calling quit()?
Build info: version: &apos;3.14.0&apos;, revision: &apos;aacccce0&apos;, time: &apos;2018-08-02T20:19:58.91Z&apos;
System info: host: &apos;MYPC-PC&apos;, ip: &apos;192.168.43.100&apos;, os.name: &apos;Windows 7&apos;, os.arch: &apos;amd64&apos;, os.version: &apos;6.1&apos;, java.version: &apos;16.0.1&apos;
Driver info: driver.version: RemoteWebDriver
	at org.openqa.selenium.remote.HttpCommandExecutor.execute(HttpCommandExecutor.java:125)
	at org.openqa.selenium.remote.service.DriverCommandExecutor.execute(DriverCommandExecutor.java:83)
	at org.openqa.selenium.remote.RemoteWebDriver.execute(RemoteWebDriver.java:548)
	at org.openqa.selenium.remote.RemoteWebDriver.execute(RemoteWebDriver.java:605)
	at org.openqa.selenium.remote.RemoteWebDriver.close(RemoteWebDriver.java:438)
	at com.Test.BookingPageTest.afterSuite(BookingPageTest.java:158)
</failure>
    <system-out>After Suite
</system-out>
  </testcase>
</testsuite>